This file contains any messages produced by compilers while
running configure, to aid debugging if configure makes a mistake.

It was created by rhasspy-asr-kaldi-hermes configure 0.1.1, which was
generated by GNU Autoconf 2.69.  Invocation command line was

  $ ./configure --enable-in-place

## --------- ##
## Platform. ##
## --------- ##

hostname = DrStrangelove
uname -m = x86_64
uname -r = 4.15.0-99-generic
uname -s = Linux
uname -v = #100-Ubuntu SMP Wed Apr 22 20:32:56 UTC 2020

/usr/bin/uname -p = unknown
/bin/uname -X     = unknown

/bin/arch              = unknown
/usr/bin/arch -k       = unknown
/usr/convex/getsysinfo = unknown
/usr/bin/hostinfo      = unknown
/bin/machine           = unknown
/usr/bin/oslevel       = unknown
/bin/universe          = unknown

PATH: /home/hansenm/.local/bin
PATH: /home/hansenm/bin
PATH: /usr/local/sbin
PATH: /usr/local/bin
PATH: /usr/sbin
PATH: /usr/bin
PATH: /sbin
PATH: /bin
PATH: /usr/games
PATH: /usr/local/games
PATH: /usr/local/cuda/bin


## ----------- ##
## Core tests. ##
## ----------- ##

configure:1948: checking for python3
configure:1978: result: /usr/local/bin/python3.7
configure:1993: checking if Python >= '3.7.0'
configure:2030: chmod +x conftest.py && cp conftest.py conftest >&5
configure:2030: $? = 0
configure:2030: ./conftest
configure:2030: $? = 0
configure:2046: result: yes
configure:2056: checking if Python <= '4.0'
configure:2093: chmod +x conftest.py && cp conftest.py conftest >&5
configure:2093: $? = 0
configure:2093: ./conftest
configure:2093: $? = 0
configure:2109: result: yes
configure:2159: checking build system type
configure:2173: result: x86_64-pc-linux-gnu
configure:2193: checking host system type
configure:2206: result: x86_64-pc-linux-gnu
configure:2240: checking for a BSD-compatible install
configure:2308: result: /usr/bin/install -c
configure:2319: checking for a thread-safe mkdir -p
configure:2358: result: /bin/mkdir -p
configure:2409: checking for gcc
configure:2425: found /usr/bin/gcc
configure:2436: result: gcc
configure:2665: checking for C compiler version
configure:2674: gcc --version >&5
gcc (Ubuntu 7.5.0-3ubuntu1~18.04) 7.5.0
Copyright (C) 2017 Free Software Foundation, Inc.
This is free software; see the source for copying conditions.  There is NO
warranty; not even for MERCHANTABILITY or FITNESS FOR A PARTICULAR PURPOSE.

configure:2685: $? = 0
configure:2674: gcc -v >&5
Using built-in specs.
COLLECT_GCC=gcc
COLLECT_LTO_WRAPPER=/usr/lib/gcc/x86_64-linux-gnu/7/lto-wrapper
OFFLOAD_TARGET_NAMES=nvptx-none
OFFLOAD_TARGET_DEFAULT=1
Target: x86_64-linux-gnu
Configured with: ../src/configure -v --with-pkgversion='Ubuntu 7.5.0-3ubuntu1~18.04' --with-bugurl=file:///usr/share/doc/gcc-7/README.Bugs --enable-languages=c,ada,c++,go,brig,d,fortran,objc,obj-c++ --prefix=/usr --with-gcc-major-version-only --program-suffix=-7 --program-prefix=x86_64-linux-gnu- --enable-shared --enable-linker-build-id --libexecdir=/usr/lib --without-included-gettext --enable-threads=posix --libdir=/usr/lib --enable-nls --enable-bootstrap --enable-clocale=gnu --enable-libstdcxx-debug --enable-libstdcxx-time=yes --with-default-libstdcxx-abi=new --enable-gnu-unique-object --disable-vtable-verify --enable-libmpx --enable-plugin --enable-default-pie --with-system-zlib --with-target-system-zlib --enable-objc-gc=auto --enable-multiarch --disable-werror --with-arch-32=i686 --with-abi=m64 --with-multilib-list=m32,m64,mx32 --enable-multilib --with-tune=generic --enable-offload-targets=nvptx-none --without-cuda-driver --enable-checking=release --build=x86_64-linux-gnu --host=x86_64-linux-gnu --target=x86_64-linux-gnu
Thread model: posix
gcc version 7.5.0 (Ubuntu 7.5.0-3ubuntu1~18.04) 
configure:2685: $? = 0
configure:2674: gcc -V >&5
gcc: error: unrecognized command line option '-V'
gcc: fatal error: no input files
compilation terminated.
configure:2685: $? = 1
configure:2674: gcc -qversion >&5
gcc: error: unrecognized command line option '-qversion'; did you mean '--version'?
gcc: fatal error: no input files
compilation terminated.
configure:2685: $? = 1
configure:2705: checking whether the C compiler works
configure:2727: gcc    conftest.c  >&5
configure:2731: $? = 0
configure:2779: result: yes
configure:2782: checking for C compiler default output file name
configure:2784: result: a.out
configure:2790: checking for suffix of executables
configure:2797: gcc -o conftest    conftest.c  >&5
configure:2801: $? = 0
configure:2823: result: 
configure:2845: checking whether we are cross compiling
configure:2853: gcc -o conftest    conftest.c  >&5
configure:2857: $? = 0
configure:2864: ./conftest
configure:2868: $? = 0
configure:2883: result: no
configure:2888: checking for suffix of object files
configure:2910: gcc -c   conftest.c >&5
configure:2914: $? = 0
configure:2935: result: o
configure:2939: checking whether we are using the GNU C compiler
configure:2958: gcc -c   conftest.c >&5
configure:2958: $? = 0
configure:2967: result: yes
configure:2976: checking whether gcc accepts -g
configure:2996: gcc -c -g  conftest.c >&5
configure:2996: $? = 0
configure:3037: result: yes
configure:3054: checking for gcc option to accept ISO C89
configure:3117: gcc  -c -g -O2  conftest.c >&5
configure:3117: $? = 0
configure:3130: result: none needed
configure:3208: checking for g++
configure:3224: found /usr/bin/g++
configure:3235: result: g++
configure:3262: checking for C++ compiler version
configure:3271: g++ --version >&5
g++ (Ubuntu 7.5.0-3ubuntu1~18.04) 7.5.0
Copyright (C) 2017 Free Software Foundation, Inc.
This is free software; see the source for copying conditions.  There is NO
warranty; not even for MERCHANTABILITY or FITNESS FOR A PARTICULAR PURPOSE.

configure:3282: $? = 0
configure:3271: g++ -v >&5
Using built-in specs.
COLLECT_GCC=g++
COLLECT_LTO_WRAPPER=/usr/lib/gcc/x86_64-linux-gnu/7/lto-wrapper
OFFLOAD_TARGET_NAMES=nvptx-none
OFFLOAD_TARGET_DEFAULT=1
Target: x86_64-linux-gnu
Configured with: ../src/configure -v --with-pkgversion='Ubuntu 7.5.0-3ubuntu1~18.04' --with-bugurl=file:///usr/share/doc/gcc-7/README.Bugs --enable-languages=c,ada,c++,go,brig,d,fortran,objc,obj-c++ --prefix=/usr --with-gcc-major-version-only --program-suffix=-7 --program-prefix=x86_64-linux-gnu- --enable-shared --enable-linker-build-id --libexecdir=/usr/lib --without-included-gettext --enable-threads=posix --libdir=/usr/lib --enable-nls --enable-bootstrap --enable-clocale=gnu --enable-libstdcxx-debug --enable-libstdcxx-time=yes --with-default-libstdcxx-abi=new --enable-gnu-unique-object --disable-vtable-verify --enable-libmpx --enable-plugin --enable-default-pie --with-system-zlib --with-target-system-zlib --enable-objc-gc=auto --enable-multiarch --disable-werror --with-arch-32=i686 --with-abi=m64 --with-multilib-list=m32,m64,mx32 --enable-multilib --with-tune=generic --enable-offload-targets=nvptx-none --without-cuda-driver --enable-checking=release --build=x86_64-linux-gnu --host=x86_64-linux-gnu --target=x86_64-linux-gnu
Thread model: posix
gcc version 7.5.0 (Ubuntu 7.5.0-3ubuntu1~18.04) 
configure:3282: $? = 0
configure:3271: g++ -V >&5
g++: error: unrecognized command line option '-V'
g++: fatal error: no input files
compilation terminated.
configure:3282: $? = 1
configure:3271: g++ -qversion >&5
g++: error: unrecognized command line option '-qversion'; did you mean '--version'?
g++: fatal error: no input files
compilation terminated.
configure:3282: $? = 1
configure:3286: checking whether we are using the GNU C++ compiler
configure:3305: g++ -c   conftest.cpp >&5
configure:3305: $? = 0
configure:3314: result: yes
configure:3323: checking whether g++ accepts -g
configure:3343: g++ -c -g  conftest.cpp >&5
configure:3343: $? = 0
configure:3384: result: yes
configure:3595: checking for ATL_xerbla in -latlas
configure:3620: gcc -o conftest -g -O2   conftest.c -latlas   >&5
configure:3620: $? = 0
configure:3629: result: yes
configure:3876: creating ./config.status

## ---------------------- ##
## Running config.status. ##
## ---------------------- ##

This file was extended by rhasspy-asr-kaldi-hermes config.status 0.1.1, which was
generated by GNU Autoconf 2.69.  Invocation command line was

  CONFIG_FILES    = 
  CONFIG_HEADERS  = 
  CONFIG_LINKS    = 
  CONFIG_COMMANDS = 
  $ ./config.status 

on DrStrangelove

config.status:749: creating Makefile
config.status:749: creating rhasspy-asr-kaldi-hermes

## ---------------- ##
## Cache variables. ##
## ---------------- ##

ac_cv_build=x86_64-pc-linux-gnu
ac_cv_c_compiler_gnu=yes
ac_cv_cxx_compiler_gnu=yes
ac_cv_env_CCC_set=
ac_cv_env_CCC_value=
ac_cv_env_CC_set=
ac_cv_env_CC_value=
ac_cv_env_CFLAGS_set=
ac_cv_env_CFLAGS_value=
ac_cv_env_CPPFLAGS_set=
ac_cv_env_CPPFLAGS_value=
ac_cv_env_CXXFLAGS_set=
ac_cv_env_CXXFLAGS_value=
ac_cv_env_CXX_set=
ac_cv_env_CXX_value=
ac_cv_env_LDFLAGS_set=
ac_cv_env_LDFLAGS_value=
ac_cv_env_LIBS_set=
ac_cv_env_LIBS_value=
ac_cv_env_PYTHON_set=set
ac_cv_env_PYTHON_value=/usr/local/bin/python3.7
ac_cv_env_VIRTUALENV_FLAGS_set=
ac_cv_env_VIRTUALENV_FLAGS_value=
ac_cv_env_build_alias_set=
ac_cv_env_build_alias_value=
ac_cv_env_host_alias_set=
ac_cv_env_host_alias_value=
ac_cv_env_target_alias_set=
ac_cv_env_target_alias_value=
ac_cv_host=x86_64-pc-linux-gnu
ac_cv_lib_atlas_ATL_xerbla=yes
ac_cv_objext=o
ac_cv_path_PYTHON=/usr/local/bin/python3.7
ac_cv_path_install='/usr/bin/install -c'
ac_cv_path_mkdir=/bin/mkdir
ac_cv_prog_ac_ct_CC=gcc
ac_cv_prog_ac_ct_CXX=g++
ac_cv_prog_cc_c89=
ac_cv_prog_cc_g=yes
ac_cv_prog_cxx_g=yes
pc_cv_python_req_version_3_7_0=yes
pc_cv_python_req_version_4_0=yes

## ----------------- ##
## Output variables. ##
## ----------------- ##

CC='gcc'
CFLAGS='-g -O2'
CPPFLAGS=''
CXX='g++'
CXXFLAGS='-g -O2'
DEFS='-DPACKAGE_NAME=\"rhasspy-asr-kaldi-hermes\" -DPACKAGE_TARNAME=\"rhasspy-asr-kaldi-hermes\" -DPACKAGE_VERSION=\"0.1.1\" -DPACKAGE_STRING=\"rhasspy-asr-kaldi-hermes\ 0.1.1\" -DPACKAGE_BUGREPORT=\"mike@rhasspy.org\" -DPACKAGE_URL=\"\" -DHAVE_LIBATLAS=1'
DOCKER_ARCH='amd64'
ECHO_C=''
ECHO_N='-n'
ECHO_T=''
ENABLE_KALDI='yes'
ENABLE_OPENGRM='yes'
ENABLE_PHONETISAURUS='yes'
EXEEXT=''
INSTALL_DATA='${INSTALL} -m 644'
INSTALL_PROGRAM='${INSTALL}'
INSTALL_SCRIPT='${INSTALL}'
IN_PLACE='yes'
KALDI_FROM='prebuilt'
LDFLAGS=''
LIBOBJS=''
LIBS='-latlas '
LTLIBOBJS=''
MKDIR_P='/bin/mkdir -p'
OBJEXT='o'
OPENGRM_FROM='prebuilt'
PACKAGE_BUGREPORT='mike@rhasspy.org'
PACKAGE_NAME='rhasspy-asr-kaldi-hermes'
PACKAGE_STRING='rhasspy-asr-kaldi-hermes 0.1.1'
PACKAGE_TARNAME='rhasspy-asr-kaldi-hermes'
PACKAGE_URL=''
PACKAGE_VERSION='0.1.1'
PATH_SEPARATOR=':'
PHONETISAURUS_FROM='prebuilt'
PYTHON='/usr/local/bin/python3.7'
SHELL='/bin/bash'
VIRTUALENV='yes'
VIRTUALENV_FLAGS=''
ac_ct_CC='gcc'
ac_ct_CXX='g++'
bindir='${exec_prefix}/bin'
build='x86_64-pc-linux-gnu'
build_alias=''
build_cpu='x86_64'
build_os='linux-gnu'
build_vendor='pc'
datadir='${datarootdir}'
datarootdir='${prefix}/share'
docdir='${datarootdir}/doc/${PACKAGE_TARNAME}'
dvidir='${docdir}'
exec_prefix='${prefix}'
host='x86_64-pc-linux-gnu'
host_alias=''
host_cpu='x86_64'
host_os='linux-gnu'
host_vendor='pc'
htmldir='${docdir}'
includedir='${prefix}/include'
infodir='${datarootdir}/info'
libdir='${exec_prefix}/lib'
libexecdir='${exec_prefix}/libexec'
localedir='${datarootdir}/locale'
localstatedir='${prefix}/var'
mandir='${datarootdir}/man'
oldincludedir='/usr/include'
pdfdir='${docdir}'
prefix='/home/hansenm/opt/rhasspy-voltron/rhasspy-asr-kaldi-hermes/.venv'
program_transform_name='s,x,x,'
psdir='${docdir}'
runstatedir='${localstatedir}/run'
sbindir='${exec_prefix}/sbin'
sharedstatedir='${prefix}/com'
sysconfdir='${prefix}/etc'
target_alias=''

## ----------- ##
## confdefs.h. ##
## ----------- ##

/* confdefs.h */
#define PACKAGE_NAME "rhasspy-asr-kaldi-hermes"
#define PACKAGE_TARNAME "rhasspy-asr-kaldi-hermes"
#define PACKAGE_VERSION "0.1.1"
#define PACKAGE_STRING "rhasspy-asr-kaldi-hermes 0.1.1"
#define PACKAGE_BUGREPORT "mike@rhasspy.org"
#define PACKAGE_URL ""
#define HAVE_LIBATLAS 1

configure: exit 0
